\BOOKMARK [1][-]{section.1}{Problems restatement}{}% 1
\BOOKMARK [2][-]{subsection.1.1}{Introduction}{section.1}% 2
\BOOKMARK [2][-]{subsection.1.2}{Restatement}{section.1}% 3
\BOOKMARK [1][-]{section.2}{Model Analysis}{}% 4
\BOOKMARK [2][-]{subsection.2.1}{Analysis of problem a}{section.2}% 5
\BOOKMARK [2][-]{subsection.2.2}{Analysis of problem b}{section.2}% 6
\BOOKMARK [2][-]{subsection.2.3}{Analysis of problem c}{section.2}% 7
\BOOKMARK [1][-]{section.3}{Model Assumptions}{}% 8
\BOOKMARK [1][-]{section.4}{Notations}{}% 9
\BOOKMARK [1][-]{section.5}{Problem a model design}{}% 10
\BOOKMARK [2][-]{subsection.5.1}{The distribution of tourists}{section.5}% 11
\BOOKMARK [2][-]{subsection.5.2}{The security process}{section.5}% 12
\BOOKMARK [2][-]{subsection.5.3}{Model establishment and solution}{section.5}% 13
\BOOKMARK [2][-]{subsection.5.4}{Model summary}{section.5}% 14
\BOOKMARK [1][-]{section.6}{problem b model design}{}% 15
\BOOKMARK [2][-]{subsection.6.1}{Improve 1}{section.6}% 16
\BOOKMARK [2][-]{subsection.6.2}{Improve 2}{section.6}% 17
\BOOKMARK [2][-]{subsection.6.3}{Improve 3}{section.6}% 18
\BOOKMARK [1][-]{section.7}{problem c model design}{}% 19
\BOOKMARK [2][-]{subsection.7.1}{Cultural differences}{section.7}% 20
\BOOKMARK [1][-]{section.8}{Proposals}{}% 21
\BOOKMARK [1][-]{section.9}{Model Testing}{}% 22
\BOOKMARK [1][-]{section.10}{Advantages and disadvantages and improvement}{}% 23
\BOOKMARK [2][-]{subsection.10.1}{Advantages}{section.10}% 24
\BOOKMARK [2][-]{subsection.10.2}{Disadvantages}{section.10}% 25
\BOOKMARK [1][-]{section*.16}{Reference}{}% 26
\BOOKMARK [1][-]{section*.17}{Appendix}{}% 27
